115 : 2020-03-20 06:00:08,884 : INFO : telemetry.main : Attempt start. Configuration directory [/home/abiola/.azure].
115 : 2020-03-20 06:00:08,884 : INFO : telemetry.check : Positive: The /home/abiola/.azure/telemetry.txt does not exist.
115 : 2020-03-20 06:00:08,884 : DEBUG : telemetry.note : acquiring lock
115 : 2020-03-20 06:00:08,884 : DEBUG : telemetry.note : acquired lock
115 : 2020-03-20 06:00:08,885 : INFO : telemetry.note : Update the note mtime to 2020-03-20 06:00:08.884983
115 : 2020-03-20 06:00:08,885 : WARNING : telemetry.note : Fail to parse or read the timestamp 'N/A' in the note file. Set the last send time to minimal. Reason: not readable
115 : 2020-03-20 06:00:08,885 : INFO : telemetry.records : No cache to be uploaded.
115 : 2020-03-20 06:00:08,885 : INFO : telemetry.client : Accumulated 0 events. Flush the clients.
115 : 2020-03-20 06:00:08,885 : INFO : telemetry.note : Update the last send in note to 0001-01-01 00:00:00
115 : 2020-03-20 06:00:08,885 : INFO : telemetry.note : Update the note mtime to 2020-03-20 06:00:08.885766
157 : 2020-03-20 06:13:02,613 : INFO : telemetry.main : Attempt start. Configuration directory [/home/abiola/.azure].
157 : 2020-03-20 06:13:02,613 : INFO : telemetry.check : Returns Positive.
157 : 2020-03-20 06:13:02,614 : DEBUG : telemetry.note : acquiring lock
157 : 2020-03-20 06:13:02,614 : DEBUG : telemetry.note : acquired lock
157 : 2020-03-20 06:13:02,614 : INFO : telemetry.note : Update the note mtime to 2020-03-20 06:13:02.614339
157 : 2020-03-20 06:13:02,617 : WARNING : telemetry.note : Fail to parse or read the timestamp '1-01-01T00:00:00' in the note file. Set the last send time to minimal. Reason: time data '1-01-01T00:00:00' does not match format '%Y-%m-%dT%H:%M:%S'
157 : 2020-03-20 06:13:02,617 : INFO : telemetry.records : No cache to be uploaded.
157 : 2020-03-20 06:13:02,617 : INFO : telemetry.client : Accumulated 0 events. Flush the clients.
157 : 2020-03-20 06:13:02,617 : INFO : telemetry.note : Update the last send in note to 0001-01-01 00:00:00
157 : 2020-03-20 06:13:02,618 : INFO : telemetry.note : Update the note mtime to 2020-03-20 06:13:02.618061
169 : 2020-03-20 06:25:15,242 : INFO : telemetry.main : Attempt start. Configuration directory [/home/abiola/.azure].
169 : 2020-03-20 06:25:15,243 : INFO : telemetry.check : Returns Positive.
169 : 2020-03-20 06:25:15,243 : DEBUG : telemetry.note : acquiring lock
169 : 2020-03-20 06:25:15,243 : DEBUG : telemetry.note : acquired lock
169 : 2020-03-20 06:25:15,243 : INFO : telemetry.note : Update the note mtime to 2020-03-20 06:25:15.243572
169 : 2020-03-20 06:25:15,246 : WARNING : telemetry.note : Fail to parse or read the timestamp '1-01-01T00:00:00' in the note file. Set the last send time to minimal. Reason: time data '1-01-01T00:00:00' does not match format '%Y-%m-%dT%H:%M:%S'
169 : 2020-03-20 06:25:15,246 : INFO : telemetry.records : No cache to be uploaded.
169 : 2020-03-20 06:25:15,246 : INFO : telemetry.client : Accumulated 0 events. Flush the clients.
169 : 2020-03-20 06:25:15,246 : INFO : telemetry.note : Update the last send in note to 0001-01-01 00:00:00
169 : 2020-03-20 06:25:15,246 : INFO : telemetry.note : Update the note mtime to 2020-03-20 06:25:15.246852
245 : 2020-03-20 07:01:55,204 : INFO : telemetry.main : Attempt start. Configuration directory [/home/abiola/.azure].
245 : 2020-03-20 07:01:55,205 : INFO : telemetry.check : Returns Positive.
245 : 2020-03-20 07:01:55,205 : DEBUG : telemetry.note : acquiring lock
245 : 2020-03-20 07:01:55,205 : DEBUG : telemetry.note : acquired lock
245 : 2020-03-20 07:01:55,205 : INFO : telemetry.note : Update the note mtime to 2020-03-20 07:01:55.205471
245 : 2020-03-20 07:01:55,208 : WARNING : telemetry.note : Fail to parse or read the timestamp '1-01-01T00:00:00' in the note file. Set the last send time to minimal. Reason: time data '1-01-01T00:00:00' does not match format '%Y-%m-%dT%H:%M:%S'
245 : 2020-03-20 07:01:55,208 : INFO : telemetry.records : No cache to be uploaded.
245 : 2020-03-20 07:01:55,208 : INFO : telemetry.client : Accumulated 0 events. Flush the clients.
245 : 2020-03-20 07:01:55,208 : INFO : telemetry.note : Update the last send in note to 0001-01-01 00:00:00
245 : 2020-03-20 07:01:55,209 : INFO : telemetry.note : Update the note mtime to 2020-03-20 07:01:55.209071
102 : 2020-03-20 08:52:35,498 : INFO : telemetry.main : Attempt start. Configuration directory [/home/abiola/.azure].
102 : 2020-03-20 08:52:35,502 : INFO : telemetry.check : Returns Positive.
102 : 2020-03-20 08:52:35,503 : DEBUG : telemetry.note : acquiring lock
102 : 2020-03-20 08:52:35,503 : DEBUG : telemetry.note : acquired lock
102 : 2020-03-20 08:52:35,503 : INFO : telemetry.note : Update the note mtime to 2020-03-20 08:52:35.503266
102 : 2020-03-20 08:52:35,528 : WARNING : telemetry.note : Fail to parse or read the timestamp '1-01-01T00:00:00' in the note file. Set the last send time to minimal. Reason: time data '1-01-01T00:00:00' does not match format '%Y-%m-%dT%H:%M:%S'
102 : 2020-03-20 08:52:35,529 : INFO : telemetry.records : No cache to be uploaded.
102 : 2020-03-20 08:52:35,529 : INFO : telemetry.client : Accumulated 0 events. Flush the clients.
102 : 2020-03-20 08:52:35,529 : INFO : telemetry.note : Update the last send in note to 0001-01-01 00:00:00
102 : 2020-03-20 08:52:35,529 : INFO : telemetry.note : Update the note mtime to 2020-03-20 08:52:35.529585
104 : 2020-08-06 16:22:45,289 : INFO : telemetry.main : Attempt start. Configuration directory [/home/abiola/.azure].
104 : 2020-08-06 16:22:45,293 : INFO : telemetry.check : Returns Positive.
104 : 2020-08-06 16:22:45,293 : DEBUG : telemetry.note : acquiring lock
104 : 2020-08-06 16:22:45,294 : DEBUG : telemetry.note : acquired lock
104 : 2020-08-06 16:22:45,294 : INFO : telemetry.note : Update the note mtime to 2020-08-06 16:22:45.294226
104 : 2020-08-06 16:22:45,307 : WARNING : telemetry.note : Fail to parse or read the timestamp '1-01-01T00:00:00' in the note file. Set the last send time to minimal. Reason: time data '1-01-01T00:00:00' does not match format '%Y-%m-%dT%H:%M:%S'
104 : 2020-08-06 16:22:45,307 : INFO : telemetry.records : No cache to be uploaded.
104 : 2020-08-06 16:22:45,308 : INFO : telemetry.client : Accumulated 0 events. Flush the clients.
104 : 2020-08-06 16:22:45,308 : INFO : telemetry.note : Update the last send in note to 0001-01-01 00:00:00
104 : 2020-08-06 16:22:45,308 : INFO : telemetry.note : Update the note mtime to 2020-08-06 16:22:45.308453
112 : 2020-12-28 09:26:36,460 : INFO : telemetry.main : Attempt start. Configuration directory [/home/abiola/.azure].
112 : 2020-12-28 09:26:36,520 : INFO : telemetry.check : Returns Positive.
112 : 2020-12-28 09:26:36,520 : DEBUG : telemetry.note : acquiring lock
112 : 2020-12-28 09:26:36,520 : DEBUG : telemetry.note : acquired lock
112 : 2020-12-28 09:26:36,520 : INFO : telemetry.note : Update the note mtime to 2020-12-28 09:26:36.520810
112 : 2020-12-28 09:26:36,583 : WARNING : telemetry.note : Fail to parse or read the timestamp '1-01-01T00:00:00' in the note file. Set the last send time to minimal. Reason: time data '1-01-01T00:00:00' does not match format '%Y-%m-%dT%H:%M:%S'
112 : 2020-12-28 09:26:36,583 : INFO : telemetry.records : No cache to be uploaded.
112 : 2020-12-28 09:26:36,583 : INFO : telemetry.client : Accumulated 0 events. Flush the clients.
112 : 2020-12-28 09:26:36,583 : INFO : telemetry.note : Update the last send in note to 0001-01-01 00:00:00
112 : 2020-12-28 09:26:36,583 : INFO : telemetry.note : Update the note mtime to 2020-12-28 09:26:36.583717
110 : 2021-02-16 14:40:08,092 : INFO : telemetry.main : Attempt start. Configuration directory [/home/abiola/.azure].
110 : 2021-02-16 14:40:08,109 : INFO : telemetry.check : Returns Positive.
110 : 2021-02-16 14:40:08,109 : DEBUG : telemetry.note : acquiring lock
110 : 2021-02-16 14:40:08,110 : DEBUG : telemetry.note : acquired lock
110 : 2021-02-16 14:40:08,110 : INFO : telemetry.note : Update the note mtime to 2021-02-16 14:40:08.110246
110 : 2021-02-16 14:40:08,118 : WARNING : telemetry.note : Fail to parse or read the timestamp '1-01-01T00:00:00' in the note file. Set the last send time to minimal. Reason: time data '1-01-01T00:00:00' does not match format '%Y-%m-%dT%H:%M:%S'
110 : 2021-02-16 14:40:08,118 : INFO : telemetry.records : No cache to be uploaded.
110 : 2021-02-16 14:40:08,118 : INFO : telemetry.client : Accumulated 0 events. Flush the clients.
110 : 2021-02-16 14:40:08,118 : INFO : telemetry.note : Update the last send in note to 0001-01-01 00:00:00
110 : 2021-02-16 14:40:08,118 : INFO : telemetry.note : Update the note mtime to 2021-02-16 14:40:08.118842
110 : 2021-02-17 18:02:08,451 : INFO : telemetry.main : Attempt start. Configuration directory [/home/abiola/.azure].
110 : 2021-02-17 18:02:08,456 : INFO : telemetry.check : Returns Positive.
110 : 2021-02-17 18:02:08,457 : DEBUG : telemetry.note : acquiring lock
110 : 2021-02-17 18:02:08,457 : DEBUG : telemetry.note : acquired lock
110 : 2021-02-17 18:02:08,457 : INFO : telemetry.note : Update the note mtime to 2021-02-17 18:02:08.457327
110 : 2021-02-17 18:02:08,490 : WARNING : telemetry.note : Fail to parse or read the timestamp '1-01-01T00:00:00' in the note file. Set the last send time to minimal. Reason: time data '1-01-01T00:00:00' does not match format '%Y-%m-%dT%H:%M:%S'
110 : 2021-02-17 18:02:08,490 : INFO : telemetry.records : No cache to be uploaded.
110 : 2021-02-17 18:02:08,490 : INFO : telemetry.client : Accumulated 0 events. Flush the clients.
110 : 2021-02-17 18:02:08,490 : INFO : telemetry.note : Update the last send in note to 0001-01-01 00:00:00
110 : 2021-02-17 18:02:08,490 : INFO : telemetry.note : Update the note mtime to 2021-02-17 18:02:08.490937
111 : 2021-04-13 13:38:09,065 : INFO : telemetry.main : Attempt start. Configuration directory [/home/abiola/.azure].
111 : 2021-04-13 13:38:09,072 : INFO : telemetry.check : Returns Positive.
111 : 2021-04-13 13:38:09,073 : DEBUG : telemetry.note : acquiring lock
111 : 2021-04-13 13:38:09,073 : DEBUG : telemetry.note : acquired lock
111 : 2021-04-13 13:38:09,073 : INFO : telemetry.note : Update the note mtime to 2021-04-13 13:38:09.073410
111 : 2021-04-13 13:38:09,086 : WARNING : telemetry.note : Fail to parse or read the timestamp '1-01-01T00:00:00' in the note file. Set the last send time to minimal. Reason: time data '1-01-01T00:00:00' does not match format '%Y-%m-%dT%H:%M:%S'
111 : 2021-04-13 13:38:09,086 : INFO : telemetry.records : No cache to be uploaded.
111 : 2021-04-13 13:38:09,086 : INFO : telemetry.client : Accumulated 0 events. Flush the clients.
111 : 2021-04-13 13:38:09,087 : INFO : telemetry.note : Update the last send in note to 0001-01-01 00:00:00
111 : 2021-04-13 13:38:09,087 : INFO : telemetry.note : Update the note mtime to 2021-04-13 13:38:09.087234
112 : 2021-05-20 11:28:44,878 : INFO : telemetry.main : Attempt start. Configuration directory [/home/abiola/.azure].
112 : 2021-05-20 11:28:44,883 : INFO : telemetry.check : Returns Positive.
112 : 2021-05-20 11:28:44,883 : DEBUG : telemetry.note : acquiring lock
112 : 2021-05-20 11:28:44,883 : DEBUG : telemetry.note : acquired lock
112 : 2021-05-20 11:28:44,884 : INFO : telemetry.note : Update the note mtime to 2021-05-20 11:28:44.883997
112 : 2021-05-20 11:28:44,896 : WARNING : telemetry.note : Fail to parse or read the timestamp '1-01-01T00:00:00' in the note file. Set the last send time to minimal. Reason: time data '1-01-01T00:00:00' does not match format '%Y-%m-%dT%H:%M:%S'
112 : 2021-05-20 11:28:44,896 : INFO : telemetry.records : No cache to be uploaded.
112 : 2021-05-20 11:28:44,897 : INFO : telemetry.client : Accumulated 0 events. Flush the clients.
112 : 2021-05-20 11:28:44,897 : INFO : telemetry.note : Update the last send in note to 0001-01-01 00:00:00
112 : 2021-05-20 11:28:44,897 : INFO : telemetry.note : Update the note mtime to 2021-05-20 11:28:44.897440
114 : 2021-05-21 10:07:00,885 : INFO : telemetry.main : Attempt start. Configuration directory [/home/abiola/.azure].
114 : 2021-05-21 10:07:00,895 : INFO : telemetry.check : Returns Positive.
114 : 2021-05-21 10:07:00,895 : DEBUG : telemetry.note : acquiring lock
114 : 2021-05-21 10:07:00,896 : DEBUG : telemetry.note : acquired lock
114 : 2021-05-21 10:07:00,896 : INFO : telemetry.note : Update the note mtime to 2021-05-21 10:07:00.896134
114 : 2021-05-21 10:07:00,926 : WARNING : telemetry.note : Fail to parse or read the timestamp '1-01-01T00:00:00' in the note file. Set the last send time to minimal. Reason: time data '1-01-01T00:00:00' does not match format '%Y-%m-%dT%H:%M:%S'
114 : 2021-05-21 10:07:00,927 : INFO : telemetry.records : No cache to be uploaded.
114 : 2021-05-21 10:07:00,927 : INFO : telemetry.client : Accumulated 0 events. Flush the clients.
114 : 2021-05-21 10:07:00,927 : INFO : telemetry.note : Update the last send in note to 0001-01-01 00:00:00
114 : 2021-05-21 10:07:00,927 : INFO : telemetry.note : Update the note mtime to 2021-05-21 10:07:00.927474
113 : 2021-05-21 11:47:25,465 : INFO : telemetry.main : Attempt start. Configuration directory [/home/abiola/.azure].
113 : 2021-05-21 11:47:25,502 : INFO : telemetry.check : Returns Positive.
113 : 2021-05-21 11:47:25,502 : DEBUG : telemetry.note : acquiring lock
113 : 2021-05-21 11:47:25,503 : DEBUG : telemetry.note : acquired lock
113 : 2021-05-21 11:47:25,503 : INFO : telemetry.note : Update the note mtime to 2021-05-21 11:47:25.503136
113 : 2021-05-21 11:47:25,638 : WARNING : telemetry.note : Fail to parse or read the timestamp '1-01-01T00:00:00' in the note file. Set the last send time to minimal. Reason: time data '1-01-01T00:00:00' does not match format '%Y-%m-%dT%H:%M:%S'
113 : 2021-05-21 11:47:25,638 : INFO : telemetry.records : No cache to be uploaded.
113 : 2021-05-21 11:47:25,638 : INFO : telemetry.client : Accumulated 0 events. Flush the clients.
113 : 2021-05-21 11:47:25,639 : INFO : telemetry.note : Update the last send in note to 0001-01-01 00:00:00
113 : 2021-05-21 11:47:25,639 : INFO : telemetry.note : Update the note mtime to 2021-05-21 11:47:25.639106
115 : 2021-05-21 12:28:55,107 : INFO : telemetry.main : Attempt start. Configuration directory [/home/abiola/.azure].
115 : 2021-05-21 12:28:55,111 : INFO : telemetry.check : Returns Positive.
115 : 2021-05-21 12:28:55,111 : DEBUG : telemetry.note : acquiring lock
115 : 2021-05-21 12:28:55,112 : DEBUG : telemetry.note : acquired lock
115 : 2021-05-21 12:28:55,112 : INFO : telemetry.note : Update the note mtime to 2021-05-21 12:28:55.112288
115 : 2021-05-21 12:28:55,121 : WARNING : telemetry.note : Fail to parse or read the timestamp '1-01-01T00:00:00' in the note file. Set the last send time to minimal. Reason: time data '1-01-01T00:00:00' does not match format '%Y-%m-%dT%H:%M:%S'
115 : 2021-05-21 12:28:55,121 : INFO : telemetry.records : No cache to be uploaded.
115 : 2021-05-21 12:28:55,122 : INFO : telemetry.client : Accumulated 0 events. Flush the clients.
115 : 2021-05-21 12:28:55,123 : INFO : telemetry.note : Update the last send in note to 0001-01-01 00:00:00
115 : 2021-05-21 12:28:55,123 : INFO : telemetry.note : Update the note mtime to 2021-05-21 12:28:55.123151
114 : 2021-05-24 12:22:46,568 : INFO : telemetry.main : Attempt start. Configuration directory [/home/abiola/.azure].
114 : 2021-05-24 12:22:46,603 : INFO : telemetry.check : Returns Positive.
114 : 2021-05-24 12:22:46,604 : DEBUG : telemetry.note : acquiring lock
114 : 2021-05-24 12:22:46,604 : DEBUG : telemetry.note : acquired lock
114 : 2021-05-24 12:22:46,604 : INFO : telemetry.note : Update the note mtime to 2021-05-24 12:22:46.604374
114 : 2021-05-24 12:22:46,638 : WARNING : telemetry.note : Fail to parse or read the timestamp '1-01-01T00:00:00' in the note file. Set the last send time to minimal. Reason: time data '1-01-01T00:00:00' does not match format '%Y-%m-%dT%H:%M:%S'
114 : 2021-05-24 12:22:46,639 : INFO : telemetry.records : No cache to be uploaded.
114 : 2021-05-24 12:22:46,639 : INFO : telemetry.client : Accumulated 0 events. Flush the clients.
114 : 2021-05-24 12:22:46,639 : INFO : telemetry.note : Update the last send in note to 0001-01-01 00:00:00
114 : 2021-05-24 12:22:46,639 : INFO : telemetry.note : Update the note mtime to 2021-05-24 12:22:46.639655
111 : 2021-05-24 12:34:22,215 : INFO : telemetry.main : Attempt start. Configuration directory [/home/abiola/.azure].
111 : 2021-05-24 12:34:22,221 : INFO : telemetry.check : Returns Positive.
111 : 2021-05-24 12:34:22,221 : DEBUG : telemetry.note : acquiring lock
111 : 2021-05-24 12:34:22,221 : DEBUG : telemetry.note : acquired lock
111 : 2021-05-24 12:34:22,222 : INFO : telemetry.note : Update the note mtime to 2021-05-24 12:34:22.222053
111 : 2021-05-24 12:34:22,239 : WARNING : telemetry.note : Fail to parse or read the timestamp '1-01-01T00:00:00' in the note file. Set the last send time to minimal. Reason: time data '1-01-01T00:00:00' does not match format '%Y-%m-%dT%H:%M:%S'
111 : 2021-05-24 12:34:22,239 : INFO : telemetry.records : No cache to be uploaded.
111 : 2021-05-24 12:34:22,239 : INFO : telemetry.client : Accumulated 0 events. Flush the clients.
111 : 2021-05-24 12:34:22,240 : INFO : telemetry.note : Update the last send in note to 0001-01-01 00:00:00
111 : 2021-05-24 12:34:22,240 : INFO : telemetry.note : Update the note mtime to 2021-05-24 12:34:22.240158
114 : 2021-05-24 14:32:57,464 : INFO : telemetry.main : Attempt start. Configuration directory [/home/abiola/.azure].
114 : 2021-05-24 14:32:57,536 : INFO : telemetry.check : Returns Positive.
114 : 2021-05-24 14:32:57,536 : DEBUG : telemetry.note : acquiring lock
114 : 2021-05-24 14:32:57,536 : DEBUG : telemetry.note : acquired lock
114 : 2021-05-24 14:32:57,536 : INFO : telemetry.note : Update the note mtime to 2021-05-24 14:32:57.536861
114 : 2021-05-24 14:32:57,547 : WARNING : telemetry.note : Fail to parse or read the timestamp '1-01-01T00:00:00' in the note file. Set the last send time to minimal. Reason: time data '1-01-01T00:00:00' does not match format '%Y-%m-%dT%H:%M:%S'
114 : 2021-05-24 14:32:57,547 : INFO : telemetry.records : No cache to be uploaded.
114 : 2021-05-24 14:32:57,547 : INFO : telemetry.client : Accumulated 0 events. Flush the clients.
114 : 2021-05-24 14:32:57,548 : INFO : telemetry.note : Update the last send in note to 0001-01-01 00:00:00
114 : 2021-05-24 14:32:57,548 : INFO : telemetry.note : Update the note mtime to 2021-05-24 14:32:57.548231
111 : 2021-05-25 11:50:29,564 : INFO : telemetry.main : Attempt start. Configuration directory [/home/abiola/.azure].
111 : 2021-05-25 11:50:29,684 : INFO : telemetry.check : Returns Positive.
111 : 2021-05-25 11:50:29,684 : DEBUG : telemetry.note : acquiring lock
111 : 2021-05-25 11:50:29,684 : DEBUG : telemetry.note : acquired lock
111 : 2021-05-25 11:50:29,684 : INFO : telemetry.note : Update the note mtime to 2021-05-25 11:50:29.684559
111 : 2021-05-25 11:50:29,705 : WARNING : telemetry.note : Fail to parse or read the timestamp '1-01-01T00:00:00' in the note file. Set the last send time to minimal. Reason: time data '1-01-01T00:00:00' does not match format '%Y-%m-%dT%H:%M:%S'
111 : 2021-05-25 11:50:29,705 : INFO : telemetry.records : No cache to be uploaded.
111 : 2021-05-25 11:50:29,705 : INFO : telemetry.client : Accumulated 0 events. Flush the clients.
111 : 2021-05-25 11:50:29,705 : INFO : telemetry.note : Update the last send in note to 0001-01-01 00:00:00
111 : 2021-05-25 11:50:29,706 : INFO : telemetry.note : Update the note mtime to 2021-05-25 11:50:29.706057
113 : 2021-05-26 09:56:33,680 : INFO : telemetry.main : Attempt start. Configuration directory [/home/abiola/.azure].
113 : 2021-05-26 09:56:33,871 : INFO : telemetry.check : Returns Positive.
113 : 2021-05-26 09:56:33,871 : DEBUG : telemetry.note : acquiring lock
113 : 2021-05-26 09:56:33,871 : DEBUG : telemetry.note : acquired lock
113 : 2021-05-26 09:56:33,871 : INFO : telemetry.note : Update the note mtime to 2021-05-26 09:56:33.871912
113 : 2021-05-26 09:56:33,937 : WARNING : telemetry.note : Fail to parse or read the timestamp '1-01-01T00:00:00' in the note file. Set the last send time to minimal. Reason: time data '1-01-01T00:00:00' does not match format '%Y-%m-%dT%H:%M:%S'
113 : 2021-05-26 09:56:33,937 : INFO : telemetry.records : No cache to be uploaded.
113 : 2021-05-26 09:56:33,937 : INFO : telemetry.client : Accumulated 0 events. Flush the clients.
113 : 2021-05-26 09:56:33,937 : INFO : telemetry.note : Update the last send in note to 0001-01-01 00:00:00
113 : 2021-05-26 09:56:33,938 : INFO : telemetry.note : Update the note mtime to 2021-05-26 09:56:33.938037
116 : 2021-05-26 13:03:59,234 : INFO : telemetry.main : Attempt start. Configuration directory [/home/abiola/.azure].
116 : 2021-05-26 13:03:59,278 : INFO : telemetry.check : Returns Positive.
116 : 2021-05-26 13:03:59,278 : DEBUG : telemetry.note : acquiring lock
116 : 2021-05-26 13:03:59,279 : DEBUG : telemetry.note : acquired lock
116 : 2021-05-26 13:03:59,279 : INFO : telemetry.note : Update the note mtime to 2021-05-26 13:03:59.279117
116 : 2021-05-26 13:03:59,334 : WARNING : telemetry.note : Fail to parse or read the timestamp '1-01-01T00:00:00' in the note file. Set the last send time to minimal. Reason: time data '1-01-01T00:00:00' does not match format '%Y-%m-%dT%H:%M:%S'
116 : 2021-05-26 13:03:59,335 : INFO : telemetry.records : 1 cache files to move.
116 : 2021-05-26 13:03:59,335 : INFO : telemetry.records : Create temp folder /tmp/tmp_i2kdyr8
116 : 2021-05-26 13:04:00,108 : INFO : telemetry.records : Move file /home/abiola/.azure/telemetry/cache.1 to /tmp/tmp_i2kdyr8/cache.1
116 : 2021-05-26 13:04:00,109 : INFO : telemetry.records : Processed file /tmp/tmp_i2kdyr8/cache.1 into 46 records.
116 : 2021-05-26 13:04:00,110 : INFO : telemetry.records : Remove directory /tmp/tmp_i2kdyr8
116 : 2021-05-26 13:04:00,119 : INFO : telemetry.client : Accumulated 46 events. Flush the clients.
116 : 2021-05-26 13:04:00,119 : INFO : telemetry.client : Flush client c4395b75-49cc-422c-bc95-c7d51aef5d46.
116 : 2021-05-26 13:04:00,841 : INFO : telemetry.sender : Sending 152850 bytes
116 : 2021-05-26 13:04:00,841 : INFO : telemetry.sender : Finish uploading in 0.717205 seconds.
116 : 2021-05-26 13:04:00,842 : INFO : telemetry.note : Update the last send in note to 2021-05-26 09:56:33
116 : 2021-05-26 13:04:00,842 : INFO : telemetry.note : Update the note mtime to 2021-05-26 13:04:00.842617
112 : 2021-05-27 09:35:08,645 : INFO : telemetry.main : Attempt start. Configuration directory [/home/abiola/.azure].
112 : 2021-05-27 09:35:08,864 : INFO : telemetry.check : Returns Positive.
112 : 2021-05-27 09:35:08,864 : DEBUG : telemetry.note : acquiring lock
112 : 2021-05-27 09:35:08,864 : DEBUG : telemetry.note : acquired lock
112 : 2021-05-27 09:35:08,865 : INFO : telemetry.note : Update the note mtime to 2021-05-27 09:35:08.865033
112 : 2021-05-27 09:35:08,892 : INFO : telemetry.note : Read timestamp from the note. The last send was 2021-05-26 09:56:33.
112 : 2021-05-27 09:35:08,892 : INFO : telemetry.records : No cache to be uploaded.
112 : 2021-05-27 09:35:08,892 : INFO : telemetry.client : Accumulated 0 events. Flush the clients.
112 : 2021-05-27 09:35:08,892 : INFO : telemetry.note : Update the last send in note to 2021-05-26 09:56:33
112 : 2021-05-27 09:35:08,892 : INFO : telemetry.note : Update the note mtime to 2021-05-27 09:35:08.892878
109 : 2021-05-27 10:25:58,902 : INFO : telemetry.main : Attempt start. Configuration directory [/home/abiola/.azure].
109 : 2021-05-27 10:25:59,053 : INFO : telemetry.check : Returns Positive.
109 : 2021-05-27 10:25:59,054 : DEBUG : telemetry.note : acquiring lock
109 : 2021-05-27 10:25:59,054 : DEBUG : telemetry.note : acquired lock
109 : 2021-05-27 10:25:59,055 : INFO : telemetry.note : Update the note mtime to 2021-05-27 10:25:59.055242
109 : 2021-05-27 10:25:59,078 : INFO : telemetry.note : Read timestamp from the note. The last send was 2021-05-26 09:56:33.
109 : 2021-05-27 10:25:59,078 : INFO : telemetry.records : No cache to be uploaded.
109 : 2021-05-27 10:25:59,078 : INFO : telemetry.client : Accumulated 0 events. Flush the clients.
109 : 2021-05-27 10:25:59,079 : INFO : telemetry.note : Update the last send in note to 2021-05-26 09:56:33
109 : 2021-05-27 10:25:59,079 : INFO : telemetry.note : Update the note mtime to 2021-05-27 10:25:59.079326
113 : 2021-05-27 12:25:56,805 : INFO : telemetry.main : Attempt start. Configuration directory [/home/abiola/.azure].
113 : 2021-05-27 12:25:56,856 : INFO : telemetry.check : Returns Positive.
113 : 2021-05-27 12:25:56,857 : DEBUG : telemetry.note : acquiring lock
113 : 2021-05-27 12:25:56,857 : DEBUG : telemetry.note : acquired lock
113 : 2021-05-27 12:25:56,857 : INFO : telemetry.note : Update the note mtime to 2021-05-27 12:25:56.857387
113 : 2021-05-27 12:25:56,910 : INFO : telemetry.note : Read timestamp from the note. The last send was 2021-05-26 09:56:33.
113 : 2021-05-27 12:25:56,910 : INFO : telemetry.records : No cache to be uploaded.
113 : 2021-05-27 12:25:56,910 : INFO : telemetry.client : Accumulated 0 events. Flush the clients.
113 : 2021-05-27 12:25:56,911 : INFO : telemetry.note : Update the last send in note to 2021-05-26 09:56:33
113 : 2021-05-27 12:25:56,911 : INFO : telemetry.note : Update the note mtime to 2021-05-27 12:25:56.911129
110 : 2021-05-27 13:15:46,998 : INFO : telemetry.main : Attempt start. Configuration directory [/home/abiola/.azure].
110 : 2021-05-27 13:15:47,025 : INFO : telemetry.check : Returns Positive.
110 : 2021-05-27 13:15:47,026 : DEBUG : telemetry.note : acquiring lock
110 : 2021-05-27 13:15:47,026 : DEBUG : telemetry.note : acquired lock
110 : 2021-05-27 13:15:47,026 : INFO : telemetry.note : Update the note mtime to 2021-05-27 13:15:47.026325
110 : 2021-05-27 13:15:47,063 : INFO : telemetry.note : Read timestamp from the note. The last send was 2021-05-26 09:56:33.
110 : 2021-05-27 13:15:47,063 : INFO : telemetry.records : No cache to be uploaded.
110 : 2021-05-27 13:15:47,063 : INFO : telemetry.client : Accumulated 0 events. Flush the clients.
110 : 2021-05-27 13:15:47,063 : INFO : telemetry.note : Update the last send in note to 2021-05-26 09:56:33
110 : 2021-05-27 13:15:47,064 : INFO : telemetry.note : Update the note mtime to 2021-05-27 13:15:47.064040
112 : 2021-05-27 16:03:56,333 : INFO : telemetry.main : Attempt start. Configuration directory [/home/abiola/.azure].
112 : 2021-05-27 16:03:56,415 : INFO : telemetry.check : Returns Positive.
112 : 2021-05-27 16:03:56,415 : DEBUG : telemetry.note : acquiring lock
112 : 2021-05-27 16:03:56,416 : DEBUG : telemetry.note : acquired lock
112 : 2021-05-27 16:03:56,416 : INFO : telemetry.note : Update the note mtime to 2021-05-27 16:03:56.416251
112 : 2021-05-27 16:03:56,431 : INFO : telemetry.note : Read timestamp from the note. The last send was 2021-05-26 09:56:33.
112 : 2021-05-27 16:03:56,431 : INFO : telemetry.records : No cache to be uploaded.
112 : 2021-05-27 16:03:56,432 : INFO : telemetry.client : Accumulated 0 events. Flush the clients.
112 : 2021-05-27 16:03:56,432 : INFO : telemetry.note : Update the last send in note to 2021-05-26 09:56:33
112 : 2021-05-27 16:03:56,432 : INFO : telemetry.note : Update the note mtime to 2021-05-27 16:03:56.432408
113 : 2021-05-27 19:25:31,431 : INFO : telemetry.main : Attempt start. Configuration directory [/home/abiola/.azure].
113 : 2021-05-27 19:25:31,457 : INFO : telemetry.check : Returns Positive.
113 : 2021-05-27 19:25:31,457 : DEBUG : telemetry.note : acquiring lock
113 : 2021-05-27 19:25:31,457 : DEBUG : telemetry.note : acquired lock
113 : 2021-05-27 19:25:31,457 : INFO : telemetry.note : Update the note mtime to 2021-05-27 19:25:31.457706
113 : 2021-05-27 19:25:31,476 : INFO : telemetry.note : Read timestamp from the note. The last send was 2021-05-26 09:56:33.
113 : 2021-05-27 19:25:31,476 : INFO : telemetry.records : No cache to be uploaded.
113 : 2021-05-27 19:25:31,476 : INFO : telemetry.client : Accumulated 0 events. Flush the clients.
113 : 2021-05-27 19:25:31,477 : INFO : telemetry.note : Update the last send in note to 2021-05-26 09:56:33
113 : 2021-05-27 19:25:31,477 : INFO : telemetry.note : Update the note mtime to 2021-05-27 19:25:31.477127
111 : 2021-05-28 08:07:41,313 : INFO : telemetry.main : Attempt start. Configuration directory [/home/abiola/.azure].
111 : 2021-05-28 08:07:41,376 : INFO : telemetry.check : Returns Positive.
111 : 2021-05-28 08:07:41,377 : DEBUG : telemetry.note : acquiring lock
111 : 2021-05-28 08:07:41,377 : DEBUG : telemetry.note : acquired lock
111 : 2021-05-28 08:07:41,377 : INFO : telemetry.note : Update the note mtime to 2021-05-28 08:07:41.377555
111 : 2021-05-28 08:07:41,402 : INFO : telemetry.note : Read timestamp from the note. The last send was 2021-05-26 09:56:33.
111 : 2021-05-28 08:07:41,403 : INFO : telemetry.records : No cache to be uploaded.
111 : 2021-05-28 08:07:41,403 : INFO : telemetry.client : Accumulated 0 events. Flush the clients.
111 : 2021-05-28 08:07:41,403 : INFO : telemetry.note : Update the last send in note to 2021-05-26 09:56:33
111 : 2021-05-28 08:07:41,403 : INFO : telemetry.note : Update the note mtime to 2021-05-28 08:07:41.403639
111 : 2021-06-01 15:32:50,237 : INFO : telemetry.main : Attempt start. Configuration directory [/home/abiola/.azure].
111 : 2021-06-01 15:32:50,269 : INFO : telemetry.check : Returns Positive.
111 : 2021-06-01 15:32:50,269 : DEBUG : telemetry.note : acquiring lock
111 : 2021-06-01 15:32:50,269 : DEBUG : telemetry.note : acquired lock
111 : 2021-06-01 15:32:50,269 : INFO : telemetry.note : Update the note mtime to 2021-06-01 15:32:50.269797
111 : 2021-06-01 15:32:50,276 : INFO : telemetry.note : Read timestamp from the note. The last send was 2021-05-26 09:56:33.
111 : 2021-06-01 15:32:50,276 : INFO : telemetry.records : No cache to be uploaded.
111 : 2021-06-01 15:32:50,276 : INFO : telemetry.client : Accumulated 0 events. Flush the clients.
111 : 2021-06-01 15:32:50,276 : INFO : telemetry.note : Update the last send in note to 2021-05-26 09:56:33
111 : 2021-06-01 15:32:50,276 : INFO : telemetry.note : Update the note mtime to 2021-06-01 15:32:50.276770
108 : 2021-06-02 11:21:25,776 : INFO : telemetry.main : Attempt start. Configuration directory [/home/abiola/.azure].
108 : 2021-06-02 11:21:25,894 : INFO : telemetry.check : Returns Positive.
108 : 2021-06-02 11:21:25,894 : DEBUG : telemetry.note : acquiring lock
108 : 2021-06-02 11:21:25,894 : DEBUG : telemetry.note : acquired lock
108 : 2021-06-02 11:21:25,894 : INFO : telemetry.note : Update the note mtime to 2021-06-02 11:21:25.894523
108 : 2021-06-02 11:21:25,903 : INFO : telemetry.note : Read timestamp from the note. The last send was 2021-05-26 09:56:33.
108 : 2021-06-02 11:21:25,903 : INFO : telemetry.records : No cache to be uploaded.
108 : 2021-06-02 11:21:25,903 : INFO : telemetry.client : Accumulated 0 events. Flush the clients.
108 : 2021-06-02 11:21:25,903 : INFO : telemetry.note : Update the last send in note to 2021-05-26 09:56:33
108 : 2021-06-02 11:21:25,904 : INFO : telemetry.note : Update the note mtime to 2021-06-02 11:21:25.904034
111 : 2021-06-03 17:31:37,129 : INFO : telemetry.main : Attempt start. Configuration directory [/home/abiola/.azure].
111 : 2021-06-03 17:31:37,206 : INFO : telemetry.check : Returns Positive.
111 : 2021-06-03 17:31:37,206 : DEBUG : telemetry.note : acquiring lock
111 : 2021-06-03 17:31:37,206 : DEBUG : telemetry.note : acquired lock
111 : 2021-06-03 17:31:37,206 : INFO : telemetry.note : Update the note mtime to 2021-06-03 17:31:37.206727
111 : 2021-06-03 17:31:37,215 : INFO : telemetry.note : Read timestamp from the note. The last send was 2021-05-26 09:56:33.
111 : 2021-06-03 17:31:37,215 : INFO : telemetry.records : No cache to be uploaded.
111 : 2021-06-03 17:31:37,215 : INFO : telemetry.client : Accumulated 0 events. Flush the clients.
111 : 2021-06-03 17:31:37,216 : INFO : telemetry.note : Update the last send in note to 2021-05-26 09:56:33
111 : 2021-06-03 17:31:37,216 : INFO : telemetry.note : Update the note mtime to 2021-06-03 17:31:37.216339
109 : 2021-06-04 10:37:14,140 : INFO : telemetry.main : Attempt start. Configuration directory [/home/abiola/.azure].
109 : 2021-06-04 10:37:14,267 : INFO : telemetry.check : Returns Positive.
109 : 2021-06-04 10:37:14,267 : DEBUG : telemetry.note : acquiring lock
109 : 2021-06-04 10:37:14,267 : DEBUG : telemetry.note : acquired lock
109 : 2021-06-04 10:37:14,267 : INFO : telemetry.note : Update the note mtime to 2021-06-04 10:37:14.267455
109 : 2021-06-04 10:37:14,276 : INFO : telemetry.note : Read timestamp from the note. The last send was 2021-05-26 09:56:33.
109 : 2021-06-04 10:37:14,276 : INFO : telemetry.records : No cache to be uploaded.
109 : 2021-06-04 10:37:14,276 : INFO : telemetry.client : Accumulated 0 events. Flush the clients.
109 : 2021-06-04 10:37:14,277 : INFO : telemetry.note : Update the last send in note to 2021-05-26 09:56:33
109 : 2021-06-04 10:37:14,277 : INFO : telemetry.note : Update the note mtime to 2021-06-04 10:37:14.277137
110 : 2021-06-04 11:50:59,697 : INFO : telemetry.main : Attempt start. Configuration directory [/home/abiola/.azure].
110 : 2021-06-04 11:50:59,733 : INFO : telemetry.check : Returns Positive.
110 : 2021-06-04 11:50:59,733 : DEBUG : telemetry.note : acquiring lock
110 : 2021-06-04 11:50:59,733 : DEBUG : telemetry.note : acquired lock
110 : 2021-06-04 11:50:59,733 : INFO : telemetry.note : Update the note mtime to 2021-06-04 11:50:59.733940
110 : 2021-06-04 11:50:59,749 : INFO : telemetry.note : Read timestamp from the note. The last send was 2021-05-26 09:56:33.
110 : 2021-06-04 11:50:59,749 : INFO : telemetry.records : No cache to be uploaded.
110 : 2021-06-04 11:50:59,749 : INFO : telemetry.client : Accumulated 0 events. Flush the clients.
110 : 2021-06-04 11:50:59,749 : INFO : telemetry.note : Update the last send in note to 2021-05-26 09:56:33
110 : 2021-06-04 11:50:59,750 : INFO : telemetry.note : Update the note mtime to 2021-06-04 11:50:59.750011
111 : 2021-06-04 14:00:08,233 : INFO : telemetry.main : Attempt start. Configuration directory [/home/abiola/.azure].
111 : 2021-06-04 14:00:08,461 : INFO : telemetry.check : Returns Positive.
111 : 2021-06-04 14:00:08,461 : DEBUG : telemetry.note : acquiring lock
111 : 2021-06-04 14:00:08,461 : DEBUG : telemetry.note : acquired lock
111 : 2021-06-04 14:00:08,461 : INFO : telemetry.note : Update the note mtime to 2021-06-04 14:00:08.461614
111 : 2021-06-04 14:00:08,468 : INFO : telemetry.note : Read timestamp from the note. The last send was 2021-05-26 09:56:33.
111 : 2021-06-04 14:00:08,469 : INFO : telemetry.records : No cache to be uploaded.
111 : 2021-06-04 14:00:08,469 : INFO : telemetry.client : Accumulated 0 events. Flush the clients.
111 : 2021-06-04 14:00:08,469 : INFO : telemetry.note : Update the last send in note to 2021-05-26 09:56:33
111 : 2021-06-04 14:00:08,469 : INFO : telemetry.note : Update the note mtime to 2021-06-04 14:00:08.469356
112 : 2021-06-21 11:22:44,717 : INFO : telemetry.main : Attempt start. Configuration directory [/home/abiola/.azure].
112 : 2021-06-21 11:22:44,757 : INFO : telemetry.check : Returns Positive.
112 : 2021-06-21 11:22:44,757 : DEBUG : telemetry.note : acquiring lock
112 : 2021-06-21 11:22:44,757 : DEBUG : telemetry.note : acquired lock
112 : 2021-06-21 11:22:44,757 : INFO : telemetry.note : Update the note mtime to 2021-06-21 11:22:44.757569
112 : 2021-06-21 11:22:44,765 : INFO : telemetry.note : Read timestamp from the note. The last send was 2021-05-26 09:56:33.
112 : 2021-06-21 11:22:44,765 : INFO : telemetry.records : No cache to be uploaded.
112 : 2021-06-21 11:22:44,765 : INFO : telemetry.client : Accumulated 0 events. Flush the clients.
112 : 2021-06-21 11:22:44,765 : INFO : telemetry.note : Update the last send in note to 2021-05-26 09:56:33
112 : 2021-06-21 11:22:44,766 : INFO : telemetry.note : Update the note mtime to 2021-06-21 11:22:44.765996
117 : 2021-06-22 08:29:16,589 : INFO : telemetry.main : Attempt start. Configuration directory [/home/abiola/.azure].
117 : 2021-06-22 08:29:16,650 : INFO : telemetry.check : Returns Positive.
117 : 2021-06-22 08:29:16,650 : DEBUG : telemetry.note : acquiring lock
117 : 2021-06-22 08:29:16,650 : DEBUG : telemetry.note : acquired lock
117 : 2021-06-22 08:29:16,651 : INFO : telemetry.note : Update the note mtime to 2021-06-22 08:29:16.650972
117 : 2021-06-22 08:29:16,659 : INFO : telemetry.note : Read timestamp from the note. The last send was 2021-05-26 09:56:33.
117 : 2021-06-22 08:29:16,659 : INFO : telemetry.records : No cache to be uploaded.
117 : 2021-06-22 08:29:16,659 : INFO : telemetry.client : Accumulated 0 events. Flush the clients.
117 : 2021-06-22 08:29:16,659 : INFO : telemetry.note : Update the last send in note to 2021-05-26 09:56:33
117 : 2021-06-22 08:29:16,659 : INFO : telemetry.note : Update the note mtime to 2021-06-22 08:29:16.659896
115 : 2021-06-22 10:18:45,847 : INFO : telemetry.main : Attempt start. Configuration directory [/home/abiola/.azure].
115 : 2021-06-22 10:18:45,934 : INFO : telemetry.check : Returns Positive.
115 : 2021-06-22 10:18:45,935 : DEBUG : telemetry.note : acquiring lock
115 : 2021-06-22 10:18:45,935 : DEBUG : telemetry.note : acquired lock
115 : 2021-06-22 10:18:45,935 : INFO : telemetry.note : Update the note mtime to 2021-06-22 10:18:45.935284
115 : 2021-06-22 10:18:45,961 : INFO : telemetry.note : Read timestamp from the note. The last send was 2021-05-26 09:56:33.
115 : 2021-06-22 10:18:45,961 : INFO : telemetry.records : No cache to be uploaded.
115 : 2021-06-22 10:18:45,962 : INFO : telemetry.client : Accumulated 0 events. Flush the clients.
115 : 2021-06-22 10:18:45,962 : INFO : telemetry.note : Update the last send in note to 2021-05-26 09:56:33
115 : 2021-06-22 10:18:45,962 : INFO : telemetry.note : Update the note mtime to 2021-06-22 10:18:45.962458
113 : 2021-06-22 15:59:10,640 : INFO : telemetry.main : Attempt start. Configuration directory [/home/abiola/.azure].
113 : 2021-06-22 15:59:10,695 : INFO : telemetry.check : Returns Positive.
113 : 2021-06-22 15:59:10,695 : DEBUG : telemetry.note : acquiring lock
113 : 2021-06-22 15:59:10,695 : DEBUG : telemetry.note : acquired lock
113 : 2021-06-22 15:59:10,695 : INFO : telemetry.note : Update the note mtime to 2021-06-22 15:59:10.695638
113 : 2021-06-22 15:59:10,713 : INFO : telemetry.note : Read timestamp from the note. The last send was 2021-05-26 09:56:33.
113 : 2021-06-22 15:59:10,713 : INFO : telemetry.records : No cache to be uploaded.
113 : 2021-06-22 15:59:10,713 : INFO : telemetry.client : Accumulated 0 events. Flush the clients.
113 : 2021-06-22 15:59:10,713 : INFO : telemetry.note : Update the last send in note to 2021-05-26 09:56:33
113 : 2021-06-22 15:59:10,713 : INFO : telemetry.note : Update the note mtime to 2021-06-22 15:59:10.713966
115 : 2021-06-23 09:56:09,090 : INFO : telemetry.main : Attempt start. Configuration directory [/home/abiola/.azure].
115 : 2021-06-23 09:56:09,308 : INFO : telemetry.check : Returns Positive.
115 : 2021-06-23 09:56:09,308 : DEBUG : telemetry.note : acquiring lock
115 : 2021-06-23 09:56:09,308 : DEBUG : telemetry.note : acquired lock
115 : 2021-06-23 09:56:09,308 : INFO : telemetry.note : Update the note mtime to 2021-06-23 09:56:09.308778
115 : 2021-06-23 09:56:09,318 : INFO : telemetry.note : Read timestamp from the note. The last send was 2021-05-26 09:56:33.
115 : 2021-06-23 09:56:09,319 : INFO : telemetry.records : 1 cache files to move.
115 : 2021-06-23 09:56:09,319 : INFO : telemetry.records : Create temp folder /tmp/tmpwh4nfzmf
115 : 2021-06-23 09:56:10,625 : INFO : telemetry.records : Move file /home/abiola/.azure/telemetry/cache.1 to /tmp/tmpwh4nfzmf/cache.1
115 : 2021-06-23 09:56:10,626 : INFO : telemetry.records : Processed file /tmp/tmpwh4nfzmf/cache.1 into 43 records.
115 : 2021-06-23 09:56:10,626 : INFO : telemetry.records : Remove directory /tmp/tmpwh4nfzmf
115 : 2021-06-23 09:56:10,634 : INFO : telemetry.client : Accumulated 43 events. Flush the clients.
115 : 2021-06-23 09:56:10,634 : INFO : telemetry.client : Flush client c4395b75-49cc-422c-bc95-c7d51aef5d46.
115 : 2021-06-23 09:56:11,019 : INFO : telemetry.sender : Sending 151653 bytes
115 : 2021-06-23 09:56:11,020 : INFO : telemetry.sender : Finish uploading in 0.381433 seconds.
115 : 2021-06-23 09:56:11,020 : INFO : telemetry.note : Update the last send in note to 2021-06-22 16:00:30
115 : 2021-06-23 09:56:11,020 : INFO : telemetry.note : Update the note mtime to 2021-06-23 09:56:11.020712
